[04.08.2022 00:13:18 ] [INFO] [main] [<module>: 8] => Start
[04.08.2022 00:13:25 ] [INFO] [user_interface] [ls_menu: 22] => The user has selected item number 1
[04.08.2022 00:13:32 ] [INFO] [user_interface] [ls_menu: 44] => The user has selected item number 5
[04.08.2022 00:13:48 ] [INFO] [user_interface] [ls_menu: 46] => User entered: {name}
[04.08.2022 00:13:55 ] [INFO] [user_interface] [ls_menu: 48] => User entered: {surname}
[04.08.2022 00:14:13 ] [INFO] [user_interface] [ls_menu: 50] => User entered: {number}
[04.08.2022 00:14:28 ] [INFO] [user_interface] [ls_menu: 52] => User entered: {email}
[04.08.2022 00:14:51 ] [INFO] [user_interface] [ls_menu: 32] => The user has selected item number 3
[04.08.2022 00:14:57 ] [INFO] [user_interface] [ls_menu: 34] => User entered: {search}
[04.08.2022 00:15:21 ] [INFO] [user_interface] [ls_menu: 38] => The user has selected item number 4
[04.08.2022 00:17:36 ] [INFO] [main] [<module>: 8] => Start
[04.08.2022 00:17:46 ] [INFO] [user_interface] [ls_menu: 101] => The user has selected item number 7
[04.08.2022 00:18:10 ] [INFO] [user_interface] [ls_menu: 126] => The user has selected item number 7.3
[04.08.2022 00:18:12 ] [INFO] [user_interface] [ls_menu: 128] => User entered: {search}
[04.08.2022 00:18:18 ] [INFO] [user_interface] [ls_menu: 131] => User entered: {user_id}
[04.08.2022 00:19:17 ] [INFO] [user_interface] [ls_menu: 141] => End
[04.08.2022 00:20:37 ] [INFO] [main] [<module>: 8] => Start
[04.08.2022 00:20:38 ] [INFO] [user_interface] [ñhecking_the_number: 156] => User entered an invalid menu value: {arg}
[04.08.2022 00:20:56 ] [INFO] [user_interface] [ls_menu: 44] => The user has selected item number 5
[04.08.2022 00:21:09 ] [INFO] [user_interface] [ls_menu: 46] => User entered: {name}
[04.08.2022 00:21:16 ] [INFO] [user_interface] [ls_menu: 48] => User entered: {surname}
[04.08.2022 00:21:34 ] [INFO] [user_interface] [ls_menu: 50] => User entered: {number}
[04.08.2022 00:21:52 ] [INFO] [user_interface] [ls_menu: 52] => User entered: {email}
[04.08.2022 00:22:04 ] [INFO] [user_interface] [ls_menu: 22] => The user has selected item number 1
[04.08.2022 00:22:18 ] [INFO] [user_interface] [ls_menu: 26] => The user has selected item number 2
[04.08.2022 00:22:22 ] [INFO] [user_interface] [ls_menu: 28] => User entered: {search}
[04.08.2022 00:22:56 ] [INFO] [user_interface] [ls_menu: 38] => The user has selected item number 4
[04.08.2022 00:22:56 ] [INFO] [user_interface] [ls_menu: 40] => User entered: {search}
[04.08.2022 00:22:58 ] [INFO] [user_interface] [ls_menu: 38] => The user has selected item number 4
[04.08.2022 00:23:01 ] [INFO] [user_interface] [ls_menu: 40] => User entered: {search}
[04.08.2022 00:23:12 ] [INFO] [user_interface] [ls_menu: 141] => End
[04.08.2022 00:24:47 ] [INFO] [main] [<module>: 8] => Start
[04.08.2022 00:24:51 ] [INFO] [user_interface] [ls_menu: 22] => The user has selected item number 1
[04.08.2022 00:26:06 ] [INFO] [user_interface] [ls_menu: 33] => The user has selected item number 3
[04.08.2022 00:26:11 ] [INFO] [user_interface] [ls_menu: 35] => User entered: {search}
[04.08.2022 00:26:16 ] [INFO] [user_interface] [ls_menu: 142] => End
[04.08.2022 00:26:23 ] [INFO] [main] [<module>: 8] => Start
[04.08.2022 00:26:36 ] [INFO] [user_interface] [ls_menu: 34] => The user has selected item number 3
[04.08.2022 00:26:40 ] [INFO] [user_interface] [ls_menu: 36] => User entered: {search}
[04.08.2022 00:27:16 ] [INFO] [user_interface] [ls_menu: 145] => End
[04.08.2022 15:00:54 ] [INFO] [main] [<module>: 8] => Start
[04.08.2022 15:01:03 ] [INFO] [user_interface] [ls_menu: 105] => The user has selected item number 7
[04.08.2022 15:01:26 ] [INFO] [user_interface] [ls_menu: 140] => User entered an invalid menu value
[04.08.2022 15:01:35 ] [INFO] [user_interface] [ls_menu: 105] => The user has selected item number 7
[04.08.2022 15:01:43 ] [INFO] [user_interface] [ls_menu: 130] => The user has selected item number 7.3
[04.08.2022 15:01:49 ] [INFO] [user_interface] [ls_menu: 132] => User entered: {search}
[04.08.2022 15:01:56 ] [INFO] [user_interface] [ls_menu: 135] => User entered: {user_id}
[04.08.2022 15:02:40 ] [INFO] [user_interface] [ls_menu: 145] => End
[04.08.2022 15:08:59 ] [INFO] [main] [<module>: 8] => Start
[04.08.2022 15:09:05 ] [INFO] [main] [<module>: 8] => Start
[04.08.2022 15:10:30 ] [INFO] [main] [<module>: 8] => Start
[04.08.2022 15:13:01 ] [INFO] [main] [<module>: 8] => Start
[04.08.2022 15:13:03 ] [INFO] [main] [<module>: 8] => Start
[04.08.2022 15:13:29 ] [INFO] [main] [<module>: 8] => Start
[04.08.2022 15:14:28 ] [INFO] [main] [<module>: 8] => Start
[04.08.2022 15:14:58 ] [INFO] [main] [<module>: 8] => Start
[04.08.2022 15:15:09 ] [INFO] [user_interface] [ls_menu: 48] => The user has selected item number 5
[04.08.2022 15:15:15 ] [INFO] [user_interface] [ls_menu: 50] => User entered: {name}
[04.08.2022 15:15:21 ] [INFO] [user_interface] [ls_menu: 52] => User entered: {surname}
[04.08.2022 15:15:34 ] [INFO] [user_interface] [ls_menu: 54] => User entered: {number}
[04.08.2022 15:15:47 ] [INFO] [user_interface] [ls_menu: 56] => User entered: {email}
[04.08.2022 15:16:32 ] [INFO] [user_interface] [ls_menu: 105] => The user has selected item number 7
[04.08.2022 15:16:52 ] [INFO] [user_interface] [ls_menu: 140] => User entered an invalid menu value
[04.08.2022 15:16:59 ] [INFO] [user_interface] [ls_menu: 105] => The user has selected item number 7
[04.08.2022 15:17:03 ] [INFO] [user_interface] [ls_menu: 130] => The user has selected item number 7.3
[04.08.2022 15:17:06 ] [INFO] [user_interface] [ls_menu: 132] => User entered: {search}
[04.08.2022 15:17:12 ] [INFO] [user_interface] [ls_menu: 135] => User entered: {user_id}
[04.08.2022 15:17:18 ] [INFO] [user_interface] [ls_menu: 105] => The user has selected item number 7
[04.08.2022 15:17:22 ] [INFO] [user_interface] [ls_menu: 130] => The user has selected item number 7.3
[04.08.2022 15:17:44 ] [INFO] [user_interface] [ls_menu: 132] => User entered: {search}
[04.08.2022 15:17:48 ] [INFO] [user_interface] [ls_menu: 135] => User entered: {user_id}
[04.08.2022 15:18:02 ] [INFO] [user_interface] [ls_menu: 105] => The user has selected item number 7
[04.08.2022 15:18:08 ] [INFO] [user_interface] [ls_menu: 112] => The user has selected item number 7.1
[04.08.2022 15:18:17 ] [INFO] [user_interface] [ls_menu: 114] => User entered: {search}
[04.08.2022 15:18:23 ] [INFO] [user_interface] [ls_menu: 117] => User entered: {user_id}
[04.08.2022 15:18:28 ] [INFO] [user_interface] [ls_menu: 105] => The user has selected item number 7
[04.08.2022 15:18:31 ] [INFO] [user_interface] [ls_menu: 130] => The user has selected item number 7.3
[04.08.2022 15:18:39 ] [INFO] [user_interface] [ls_menu: 132] => User entered: {search}
[04.08.2022 15:18:42 ] [INFO] [user_interface] [ls_menu: 135] => User entered: {user_id}
[04.08.2022 15:19:30 ] [INFO] [user_interface] [ls_menu: 105] => The user has selected item number 7
[04.08.2022 15:19:32 ] [INFO] [user_interface] [ls_menu: 130] => The user has selected item number 7.3
[04.08.2022 15:19:44 ] [INFO] [user_interface] [ls_menu: 132] => User entered: {search}
[04.08.2022 15:19:46 ] [INFO] [user_interface] [ls_menu: 135] => User entered: {user_id}
[04.08.2022 15:20:29 ] [INFO] [user_interface] [ls_menu: 105] => The user has selected item number 7
[04.08.2022 15:20:31 ] [INFO] [user_interface] [ls_menu: 130] => The user has selected item number 7.3
[04.08.2022 15:20:36 ] [INFO] [user_interface] [ls_menu: 132] => User entered: {search}
[04.08.2022 15:20:38 ] [INFO] [user_interface] [ls_menu: 135] => User entered: {user_id}
[04.08.2022 15:20:45 ] [INFO] [user_interface] [ls_menu: 105] => The user has selected item number 7
[04.08.2022 15:20:55 ] [INFO] [user_interface] [ls_menu: 130] => The user has selected item number 7.3
[04.08.2022 15:20:58 ] [INFO] [user_interface] [ls_menu: 132] => User entered: {search}
[04.08.2022 15:21:00 ] [INFO] [user_interface] [ls_menu: 135] => User entered: {user_id}
[04.08.2022 15:21:08 ] [INFO] [user_interface] [ls_menu: 105] => The user has selected item number 7
[04.08.2022 15:21:09 ] [INFO] [user_interface] [ls_menu: 130] => The user has selected item number 7.3
[04.08.2022 15:21:15 ] [INFO] [user_interface] [ls_menu: 132] => User entered: {search}
[04.08.2022 15:21:17 ] [INFO] [user_interface] [ls_menu: 135] => User entered: {user_id}
[04.08.2022 15:21:25 ] [INFO] [user_interface] [ls_menu: 105] => The user has selected item number 7
[04.08.2022 15:21:31 ] [INFO] [user_interface] [ls_menu: 130] => The user has selected item number 7.3
[04.08.2022 15:21:34 ] [INFO] [user_interface] [ls_menu: 132] => User entered: {search}
[04.08.2022 15:21:36 ] [INFO] [user_interface] [ls_menu: 135] => User entered: {user_id}
[04.08.2022 15:21:41 ] [INFO] [user_interface] [ls_menu: 105] => The user has selected item number 7
[04.08.2022 15:21:45 ] [INFO] [user_interface] [ls_menu: 130] => The user has selected item number 7.3
[04.08.2022 15:21:52 ] [INFO] [user_interface] [ls_menu: 132] => User entered: {search}
[04.08.2022 15:21:55 ] [INFO] [user_interface] [ls_menu: 135] => User entered: {user_id}
[04.08.2022 15:21:59 ] [INFO] [user_interface] [ls_menu: 105] => The user has selected item number 7
[04.08.2022 15:22:01 ] [INFO] [user_interface] [ls_menu: 130] => The user has selected item number 7.3
[04.08.2022 15:22:12 ] [INFO] [user_interface] [ls_menu: 132] => User entered: {search}
[04.08.2022 15:22:15 ] [INFO] [user_interface] [ls_menu: 135] => User entered: {user_id}
[04.08.2022 15:22:20 ] [INFO] [user_interface] [ls_menu: 105] => The user has selected item number 7
[04.08.2022 15:22:21 ] [INFO] [user_interface] [ls_menu: 130] => The user has selected item number 7.3
[04.08.2022 15:22:33 ] [INFO] [user_interface] [ls_menu: 132] => User entered: {search}
[04.08.2022 15:22:35 ] [INFO] [user_interface] [ls_menu: 135] => User entered: {user_id}
[04.08.2022 15:23:12 ] [INFO] [user_interface] [ls_menu: 105] => The user has selected item number 7
[04.08.2022 15:23:14 ] [INFO] [user_interface] [ls_menu: 130] => The user has selected item number 7.3
[04.08.2022 15:23:22 ] [INFO] [user_interface] [ls_menu: 132] => User entered: {search}
[04.08.2022 15:23:24 ] [INFO] [user_interface] [ls_menu: 135] => User entered: {user_id}
[04.08.2022 15:23:50 ] [INFO] [user_interface] [ls_menu: 105] => The user has selected item number 7
[04.08.2022 15:23:51 ] [INFO] [user_interface] [ls_menu: 130] => The user has selected item number 7.3
[04.08.2022 15:23:58 ] [INFO] [user_interface] [ls_menu: 132] => User entered: {search}
[04.08.2022 15:24:00 ] [INFO] [user_interface] [ls_menu: 135] => User entered: {user_id}
[04.08.2022 15:24:13 ] [INFO] [user_interface] [ls_menu: 105] => The user has selected item number 7
[04.08.2022 15:24:15 ] [INFO] [user_interface] [ls_menu: 130] => The user has selected item number 7.3
[04.08.2022 15:24:21 ] [INFO] [user_interface] [ls_menu: 132] => User entered: {search}
[04.08.2022 15:24:23 ] [INFO] [user_interface] [ls_menu: 135] => User entered: {user_id}
[04.08.2022 15:25:10 ] [INFO] [user_interface] [ls_menu: 105] => The user has selected item number 7
[04.08.2022 15:25:12 ] [INFO] [user_interface] [ls_menu: 130] => The user has selected item number 7.3
[04.08.2022 15:25:24 ] [INFO] [user_interface] [ls_menu: 132] => User entered: {search}
[04.08.2022 15:25:26 ] [INFO] [user_interface] [ls_menu: 135] => User entered: {user_id}
[04.08.2022 15:25:45 ] [INFO] [user_interface] [ls_menu: 105] => The user has selected item number 7
[04.08.2022 15:25:49 ] [INFO] [user_interface] [ls_menu: 130] => The user has selected item number 7.3
[04.08.2022 15:26:01 ] [INFO] [user_interface] [ls_menu: 132] => User entered: {search}
[04.08.2022 15:26:04 ] [INFO] [user_interface] [ls_menu: 135] => User entered: {user_id}
[04.08.2022 15:26:17 ] [INFO] [user_interface] [ls_menu: 105] => The user has selected item number 7
[04.08.2022 15:26:21 ] [INFO] [user_interface] [ls_menu: 130] => The user has selected item number 7.3
[04.08.2022 15:26:37 ] [INFO] [user_interface] [ls_menu: 132] => User entered: {search}
[04.08.2022 15:26:39 ] [INFO] [user_interface] [ls_menu: 135] => User entered: {user_id}
[04.08.2022 15:27:41 ] [INFO] [user_interface] [ñhecking_the_number: 160] => User entered an invalid menu value: {arg}
[04.08.2022 15:27:49 ] [INFO] [user_interface] [ls_menu: 145] => End
[04.08.2022 15:27:53 ] [INFO] [main] [<module>: 8] => Start
[04.08.2022 15:49:05 ] [INFO] [user_interface] [ls_menu: 145] => End
[04.08.2022 15:49:12 ] [INFO] [main] [<module>: 8] => Start
[04.08.2022 15:49:18 ] [INFO] [user_interface] [ls_menu: 145] => End
[04.08.2022 15:49:28 ] [INFO] [main] [<module>: 8] => Start
[04.08.2022 15:49:31 ] [INFO] [user_interface] [ls_menu: 145] => End
[04.08.2022 15:52:56 ] [INFO] [main] [<module>: 8] => Start
[04.08.2022 15:53:10 ] [INFO] [user_interface] [ls_menu: 105] => The user has selected item number 7
[04.08.2022 15:53:12 ] [INFO] [user_interface] [ls_menu: 130] => The user has selected item number 7.3
[04.08.2022 15:53:20 ] [INFO] [user_interface] [ls_menu: 132] => User entered: {search}
[04.08.2022 15:53:23 ] [INFO] [user_interface] [ls_menu: 135] => User entered: {user_id}
[04.08.2022 15:53:31 ] [INFO] [user_interface] [ls_menu: 105] => The user has selected item number 7
[04.08.2022 15:53:32 ] [INFO] [user_interface] [ls_menu: 130] => The user has selected item number 7.3
[04.08.2022 15:53:39 ] [INFO] [user_interface] [ls_menu: 132] => User entered: {search}
[04.08.2022 15:53:42 ] [INFO] [user_interface] [ls_menu: 135] => User entered: {user_id}
[04.08.2022 15:53:50 ] [INFO] [user_interface] [ls_menu: 105] => The user has selected item number 7
[04.08.2022 15:53:51 ] [INFO] [user_interface] [ls_menu: 130] => The user has selected item number 7.3
[04.08.2022 15:53:58 ] [INFO] [user_interface] [ls_menu: 132] => User entered: {search}
[04.08.2022 15:54:00 ] [INFO] [user_interface] [ls_menu: 135] => User entered: {user_id}
[04.08.2022 15:54:07 ] [INFO] [user_interface] [ls_menu: 105] => The user has selected item number 7
[04.08.2022 15:54:08 ] [INFO] [user_interface] [ls_menu: 130] => The user has selected item number 7.3
[04.08.2022 15:54:15 ] [INFO] [user_interface] [ls_menu: 132] => User entered: {search}
[04.08.2022 15:54:17 ] [INFO] [user_interface] [ls_menu: 135] => User entered: {user_id}
[04.08.2022 15:54:25 ] [INFO] [user_interface] [ls_menu: 105] => The user has selected item number 7
[04.08.2022 15:54:28 ] [INFO] [user_interface] [ls_menu: 130] => The user has selected item number 7.3
[04.08.2022 15:54:35 ] [INFO] [user_interface] [ls_menu: 132] => User entered: {search}
[04.08.2022 15:54:37 ] [INFO] [user_interface] [ls_menu: 135] => User entered: {user_id}
[04.08.2022 15:54:42 ] [INFO] [user_interface] [ls_menu: 105] => The user has selected item number 7
[04.08.2022 15:54:43 ] [INFO] [user_interface] [ls_menu: 130] => The user has selected item number 7.3
[04.08.2022 15:54:55 ] [INFO] [user_interface] [ls_menu: 132] => User entered: {search}
[04.08.2022 15:54:57 ] [INFO] [user_interface] [ls_menu: 135] => User entered: {user_id}
[04.08.2022 15:55:11 ] [INFO] [user_interface] [ls_menu: 105] => The user has selected item number 7
[04.08.2022 15:55:12 ] [INFO] [user_interface] [ls_menu: 130] => The user has selected item number 7.3
[04.08.2022 15:55:14 ] [INFO] [user_interface] [ls_menu: 132] => User entered: {search}
[04.08.2022 15:55:14 ] [INFO] [user_interface] [ls_menu: 135] => User entered: {user_id}
[04.08.2022 15:55:23 ] [INFO] [user_interface] [ls_menu: 105] => The user has selected item number 7
[04.08.2022 15:55:24 ] [INFO] [user_interface] [ls_menu: 130] => The user has selected item number 7.3
[04.08.2022 15:55:27 ] [INFO] [user_interface] [ls_menu: 132] => User entered: {search}
[04.08.2022 15:55:29 ] [INFO] [user_interface] [ls_menu: 135] => User entered: {user_id}
[04.08.2022 15:55:40 ] [INFO] [user_interface] [ls_menu: 105] => The user has selected item number 7
[04.08.2022 15:55:41 ] [INFO] [user_interface] [ls_menu: 130] => The user has selected item number 7.3
[04.08.2022 15:55:42 ] [INFO] [user_interface] [ls_menu: 132] => User entered: {search}
[04.08.2022 15:55:44 ] [INFO] [user_interface] [ls_menu: 135] => User entered: {user_id}
[04.08.2022 15:55:52 ] [INFO] [user_interface] [ls_menu: 105] => The user has selected item number 7
[04.08.2022 15:55:53 ] [INFO] [user_interface] [ls_menu: 130] => The user has selected item number 7.3
[04.08.2022 15:56:01 ] [INFO] [user_interface] [ls_menu: 132] => User entered: {search}
[04.08.2022 15:56:03 ] [INFO] [user_interface] [ls_menu: 135] => User entered: {user_id}
[04.08.2022 15:56:10 ] [INFO] [user_interface] [ls_menu: 105] => The user has selected item number 7
[04.08.2022 15:56:11 ] [INFO] [user_interface] [ls_menu: 130] => The user has selected item number 7.3
[04.08.2022 15:56:13 ] [INFO] [user_interface] [ls_menu: 132] => User entered: {search}
[04.08.2022 15:56:15 ] [INFO] [user_interface] [ls_menu: 135] => User entered: {user_id}
[04.08.2022 15:56:18 ] [INFO] [user_interface] [ls_menu: 105] => The user has selected item number 7
[04.08.2022 15:56:19 ] [INFO] [user_interface] [ls_menu: 130] => The user has selected item number 7.3
[04.08.2022 15:56:25 ] [INFO] [user_interface] [ls_menu: 132] => User entered: {search}
[04.08.2022 15:56:27 ] [INFO] [user_interface] [ls_menu: 135] => User entered: {user_id}
[04.08.2022 15:56:32 ] [INFO] [user_interface] [ls_menu: 105] => The user has selected item number 7
[04.08.2022 15:56:33 ] [INFO] [user_interface] [ls_menu: 130] => The user has selected item number 7.3
[04.08.2022 15:56:41 ] [INFO] [user_interface] [ls_menu: 132] => User entered: {search}
[04.08.2022 15:56:43 ] [INFO] [user_interface] [ls_menu: 135] => User entered: {user_id}
[04.08.2022 15:56:51 ] [INFO] [user_interface] [ls_menu: 105] => The user has selected item number 7
[04.08.2022 15:56:52 ] [INFO] [user_interface] [ls_menu: 130] => The user has selected item number 7.3
[04.08.2022 15:56:54 ] [INFO] [user_interface] [ls_menu: 132] => User entered: {search}
[04.08.2022 15:56:55 ] [INFO] [user_interface] [ls_menu: 135] => User entered: {user_id}
[04.08.2022 15:57:04 ] [INFO] [user_interface] [ls_menu: 105] => The user has selected item number 7
[04.08.2022 15:57:05 ] [INFO] [user_interface] [ls_menu: 130] => The user has selected item number 7.3
[04.08.2022 15:57:07 ] [INFO] [user_interface] [ls_menu: 132] => User entered: {search}
[04.08.2022 15:57:09 ] [INFO] [user_interface] [ls_menu: 135] => User entered: {user_id}
[04.08.2022 15:57:18 ] [INFO] [user_interface] [ls_menu: 105] => The user has selected item number 7
[04.08.2022 15:57:20 ] [INFO] [user_interface] [ls_menu: 130] => The user has selected item number 7.3
[04.08.2022 15:57:21 ] [INFO] [user_interface] [ls_menu: 132] => User entered: {search}
[04.08.2022 15:57:23 ] [INFO] [user_interface] [ls_menu: 135] => User entered: {user_id}
[04.08.2022 15:57:27 ] [INFO] [user_interface] [ls_menu: 105] => The user has selected item number 7
[04.08.2022 15:57:28 ] [INFO] [user_interface] [ls_menu: 130] => The user has selected item number 7.3
[04.08.2022 15:57:35 ] [INFO] [user_interface] [ls_menu: 132] => User entered: {search}
[04.08.2022 15:57:36 ] [INFO] [user_interface] [ls_menu: 135] => User entered: {user_id}
[04.08.2022 15:57:46 ] [INFO] [user_interface] [ls_menu: 105] => The user has selected item number 7
[04.08.2022 15:57:47 ] [INFO] [user_interface] [ls_menu: 130] => The user has selected item number 7.3
[04.08.2022 15:57:48 ] [INFO] [user_interface] [ls_menu: 132] => User entered: {search}
[04.08.2022 15:57:50 ] [INFO] [user_interface] [ls_menu: 135] => User entered: {user_id}
[04.08.2022 15:58:01 ] [INFO] [user_interface] [ls_menu: 105] => The user has selected item number 7
[04.08.2022 15:58:02 ] [INFO] [user_interface] [ls_menu: 130] => The user has selected item number 7.3
[04.08.2022 15:58:03 ] [INFO] [user_interface] [ls_menu: 132] => User entered: {search}
[04.08.2022 15:58:05 ] [INFO] [user_interface] [ls_menu: 135] => User entered: {user_id}
[04.08.2022 15:58:11 ] [INFO] [user_interface] [ls_menu: 105] => The user has selected item number 7
[04.08.2022 15:58:12 ] [INFO] [user_interface] [ls_menu: 130] => The user has selected item number 7.3
[04.08.2022 15:58:13 ] [INFO] [user_interface] [ls_menu: 132] => User entered: {search}
[04.08.2022 15:58:15 ] [INFO] [user_interface] [ls_menu: 135] => User entered: {user_id}
[04.08.2022 15:58:22 ] [INFO] [user_interface] [ls_menu: 105] => The user has selected item number 7
[04.08.2022 15:58:23 ] [INFO] [user_interface] [ls_menu: 130] => The user has selected item number 7.3
[04.08.2022 15:58:25 ] [INFO] [user_interface] [ls_menu: 132] => User entered: {search}
[04.08.2022 15:58:27 ] [INFO] [user_interface] [ls_menu: 135] => User entered: {user_id}
[04.08.2022 15:58:37 ] [INFO] [user_interface] [ls_menu: 105] => The user has selected item number 7
[04.08.2022 15:58:37 ] [INFO] [user_interface] [ls_menu: 130] => The user has selected item number 7.3
[04.08.2022 15:58:39 ] [INFO] [user_interface] [ls_menu: 132] => User entered: {search}
[04.08.2022 15:58:41 ] [INFO] [user_interface] [ls_menu: 135] => User entered: {user_id}
[04.08.2022 15:58:53 ] [INFO] [user_interface] [ls_menu: 34] => The user has selected item number 3
[04.08.2022 15:58:55 ] [INFO] [user_interface] [ls_menu: 36] => User entered: {search}
[04.08.2022 15:59:06 ] [INFO] [user_interface] [ls_menu: 105] => The user has selected item number 7
[04.08.2022 15:59:07 ] [INFO] [user_interface] [ls_menu: 130] => The user has selected item number 7.3
[04.08.2022 15:59:09 ] [INFO] [user_interface] [ls_menu: 132] => User entered: {search}
[04.08.2022 15:59:12 ] [INFO] [user_interface] [ls_menu: 135] => User entered: {user_id}
[04.08.2022 15:59:21 ] [INFO] [user_interface] [ls_menu: 105] => The user has selected item number 7
[04.08.2022 15:59:25 ] [INFO] [user_interface] [ls_menu: 130] => The user has selected item number 7.3
[04.08.2022 15:59:27 ] [INFO] [user_interface] [ls_menu: 132] => User entered: {search}
[04.08.2022 15:59:30 ] [INFO] [user_interface] [ls_menu: 135] => User entered: {user_id}
[04.08.2022 15:59:40 ] [INFO] [user_interface] [ls_menu: 105] => The user has selected item number 7
[04.08.2022 15:59:42 ] [INFO] [user_interface] [ls_menu: 130] => The user has selected item number 7.3
[04.08.2022 15:59:44 ] [INFO] [user_interface] [ls_menu: 132] => User entered: {search}
[04.08.2022 15:59:46 ] [INFO] [user_interface] [ls_menu: 135] => User entered: {user_id}
[04.08.2022 15:59:56 ] [INFO] [user_interface] [ls_menu: 105] => The user has selected item number 7
[04.08.2022 15:59:57 ] [INFO] [user_interface] [ls_menu: 130] => The user has selected item number 7.3
[04.08.2022 16:00:00 ] [INFO] [user_interface] [ls_menu: 132] => User entered: {search}
[04.08.2022 16:00:02 ] [INFO] [user_interface] [ls_menu: 135] => User entered: {user_id}
[04.08.2022 16:00:10 ] [INFO] [user_interface] [ls_menu: 105] => The user has selected item number 7
[04.08.2022 16:00:11 ] [INFO] [user_interface] [ls_menu: 130] => The user has selected item number 7.3
[04.08.2022 16:00:12 ] [INFO] [user_interface] [ls_menu: 132] => User entered: {search}
[04.08.2022 16:00:14 ] [INFO] [user_interface] [ls_menu: 135] => User entered: {user_id}
[04.08.2022 16:00:22 ] [INFO] [user_interface] [ls_menu: 105] => The user has selected item number 7
[04.08.2022 16:00:24 ] [INFO] [user_interface] [ls_menu: 130] => The user has selected item number 7.3
[04.08.2022 16:00:26 ] [INFO] [user_interface] [ls_menu: 132] => User entered: {search}
[04.08.2022 16:00:27 ] [INFO] [user_interface] [ls_menu: 135] => User entered: {user_id}
[04.08.2022 16:00:36 ] [INFO] [user_interface] [ls_menu: 105] => The user has selected item number 7
[04.08.2022 16:00:37 ] [INFO] [user_interface] [ls_menu: 130] => The user has selected item number 7.3
[04.08.2022 16:00:38 ] [INFO] [user_interface] [ls_menu: 132] => User entered: {search}
[04.08.2022 16:00:40 ] [INFO] [user_interface] [ls_menu: 135] => User entered: {user_id}
[04.08.2022 16:00:48 ] [INFO] [user_interface] [ls_menu: 105] => The user has selected item number 7
[04.08.2022 16:00:49 ] [INFO] [user_interface] [ls_menu: 130] => The user has selected item number 7.3
[04.08.2022 16:00:51 ] [INFO] [user_interface] [ls_menu: 132] => User entered: {search}
[04.08.2022 16:00:52 ] [INFO] [user_interface] [ls_menu: 135] => User entered: {user_id}
[04.08.2022 16:01:00 ] [INFO] [user_interface] [ls_menu: 105] => The user has selected item number 7
[04.08.2022 16:01:02 ] [INFO] [user_interface] [ls_menu: 130] => The user has selected item number 7.3
[04.08.2022 16:01:04 ] [INFO] [user_interface] [ls_menu: 132] => User entered: {search}
[04.08.2022 16:01:06 ] [INFO] [user_interface] [ls_menu: 135] => User entered: {user_id}
[04.08.2022 16:01:15 ] [INFO] [user_interface] [ls_menu: 105] => The user has selected item number 7
[04.08.2022 16:01:16 ] [INFO] [user_interface] [ls_menu: 130] => The user has selected item number 7.3
[04.08.2022 16:01:18 ] [INFO] [user_interface] [ls_menu: 132] => User entered: {search}
[04.08.2022 16:01:20 ] [INFO] [user_interface] [ls_menu: 135] => User entered: {user_id}
[04.08.2022 16:01:29 ] [INFO] [user_interface] [ls_menu: 105] => The user has selected item number 7
[04.08.2022 16:01:30 ] [INFO] [user_interface] [ls_menu: 130] => The user has selected item number 7.3
[04.08.2022 16:01:31 ] [INFO] [user_interface] [ls_menu: 132] => User entered: {search}
[04.08.2022 16:01:33 ] [INFO] [user_interface] [ls_menu: 135] => User entered: {user_id}
[04.08.2022 16:01:41 ] [INFO] [user_interface] [ls_menu: 105] => The user has selected item number 7
[04.08.2022 16:01:42 ] [INFO] [user_interface] [ls_menu: 130] => The user has selected item number 7.3
[04.08.2022 16:01:44 ] [INFO] [user_interface] [ls_menu: 132] => User entered: {search}
[04.08.2022 16:01:46 ] [INFO] [user_interface] [ls_menu: 135] => User entered: {user_id}
[04.08.2022 16:01:57 ] [INFO] [user_interface] [ls_menu: 105] => The user has selected item number 7
[04.08.2022 16:01:58 ] [INFO] [user_interface] [ls_menu: 130] => The user has selected item number 7.3
[04.08.2022 16:01:59 ] [INFO] [user_interface] [ls_menu: 132] => User entered: {search}
[04.08.2022 16:02:02 ] [INFO] [user_interface] [ls_menu: 135] => User entered: {user_id}
[04.08.2022 16:02:11 ] [INFO] [user_interface] [ls_menu: 105] => The user has selected item number 7
[04.08.2022 16:02:12 ] [INFO] [user_interface] [ls_menu: 130] => The user has selected item number 7.3
[04.08.2022 16:02:13 ] [INFO] [user_interface] [ls_menu: 132] => User entered: {search}
[04.08.2022 16:02:15 ] [INFO] [user_interface] [ls_menu: 135] => User entered: {user_id}
[04.08.2022 16:02:23 ] [INFO] [user_interface] [ls_menu: 105] => The user has selected item number 7
[04.08.2022 16:02:24 ] [INFO] [user_interface] [ls_menu: 130] => The user has selected item number 7.3
[04.08.2022 16:02:25 ] [INFO] [user_interface] [ls_menu: 132] => User entered: {search}
[04.08.2022 16:02:27 ] [INFO] [user_interface] [ls_menu: 135] => User entered: {user_id}
[04.08.2022 16:02:35 ] [INFO] [user_interface] [ls_menu: 105] => The user has selected item number 7
[04.08.2022 16:02:36 ] [INFO] [user_interface] [ls_menu: 130] => The user has selected item number 7.3
[04.08.2022 16:02:38 ] [INFO] [user_interface] [ls_menu: 132] => User entered: {search}
[04.08.2022 16:02:46 ] [INFO] [user_interface] [ls_menu: 135] => User entered: {user_id}
[04.08.2022 16:02:56 ] [INFO] [user_interface] [ls_menu: 105] => The user has selected item number 7
[04.08.2022 16:02:58 ] [INFO] [user_interface] [ls_menu: 130] => The user has selected item number 7.3
[04.08.2022 16:03:00 ] [INFO] [user_interface] [ls_menu: 132] => User entered: {search}
[04.08.2022 16:03:02 ] [INFO] [user_interface] [ls_menu: 135] => User entered: {user_id}
[04.08.2022 16:03:12 ] [INFO] [user_interface] [ls_menu: 105] => The user has selected item number 7
[04.08.2022 16:03:13 ] [INFO] [user_interface] [ls_menu: 130] => The user has selected item number 7.3
[04.08.2022 16:03:14 ] [INFO] [user_interface] [ls_menu: 132] => User entered: {search}
[04.08.2022 16:03:15 ] [INFO] [user_interface] [ls_menu: 135] => User entered: {user_id}
[04.08.2022 16:03:24 ] [INFO] [user_interface] [ls_menu: 105] => The user has selected item number 7
[04.08.2022 16:03:25 ] [INFO] [user_interface] [ls_menu: 130] => The user has selected item number 7.3
[04.08.2022 16:03:26 ] [INFO] [user_interface] [ls_menu: 132] => User entered: {search}
[04.08.2022 16:03:28 ] [INFO] [user_interface] [ls_menu: 135] => User entered: {user_id}
[04.08.2022 16:03:36 ] [INFO] [user_interface] [ls_menu: 105] => The user has selected item number 7
[04.08.2022 16:03:37 ] [INFO] [user_interface] [ls_menu: 130] => The user has selected item number 7.3
[04.08.2022 16:03:38 ] [INFO] [user_interface] [ls_menu: 132] => User entered: {search}
[04.08.2022 16:03:41 ] [INFO] [user_interface] [ls_menu: 135] => User entered: {user_id}
[04.08.2022 16:03:48 ] [INFO] [user_interface] [ls_menu: 105] => The user has selected item number 7
[04.08.2022 16:03:49 ] [INFO] [user_interface] [ls_menu: 130] => The user has selected item number 7.3
[04.08.2022 16:03:50 ] [INFO] [user_interface] [ls_menu: 132] => User entered: {search}
[04.08.2022 16:03:52 ] [INFO] [user_interface] [ls_menu: 135] => User entered: {user_id}
[04.08.2022 16:03:59 ] [INFO] [user_interface] [ls_menu: 105] => The user has selected item number 7
[04.08.2022 16:04:00 ] [INFO] [user_interface] [ls_menu: 130] => The user has selected item number 7.3
[04.08.2022 16:04:02 ] [INFO] [user_interface] [ls_menu: 132] => User entered: {search}
[04.08.2022 16:04:04 ] [INFO] [user_interface] [ls_menu: 135] => User entered: {user_id}
[04.08.2022 16:04:12 ] [INFO] [user_interface] [ls_menu: 105] => The user has selected item number 7
[04.08.2022 16:04:13 ] [INFO] [user_interface] [ls_menu: 130] => The user has selected item number 7.3
[04.08.2022 16:04:14 ] [INFO] [user_interface] [ls_menu: 132] => User entered: {search}
[04.08.2022 16:04:16 ] [INFO] [user_interface] [ls_menu: 135] => User entered: {user_id}
[04.08.2022 16:04:28 ] [INFO] [user_interface] [ls_menu: 145] => End
[04.08.2022 16:05:45 ] [INFO] [main] [<module>: 8] => Start
[04.08.2022 16:05:50 ] [INFO] [user_interface] [ls_menu: 145] => End
[04.08.2022 16:07:20 ] [INFO] [main] [<module>: 8] => Start
[04.08.2022 16:07:24 ] [INFO] [user_interface] [ls_menu: 145] => End
[04.08.2022 16:13:16 ] [INFO] [main] [<module>: 8] => Start
[04.08.2022 16:13:35 ] [INFO] [user_interface] [ls_menu: 104] => The user has selected item number 7
[04.08.2022 16:13:37 ] [INFO] [user_interface] [ls_menu: 129] => The user has selected item number 7.3
[04.08.2022 16:13:51 ] [INFO] [user_interface] [ls_menu: 131] => User entered: {search}
[04.08.2022 16:13:53 ] [INFO] [user_interface] [ls_menu: 134] => User entered: {user_id}
[04.08.2022 16:14:03 ] [INFO] [user_interface] [ls_menu: 144] => End
[04.08.2022 17:51:56 ] [INFO] [main] [<module>: 8] => Start
[04.08.2022 17:52:08 ] [INFO] [user_interface] [ls_menu: 104] => The user has selected item number 7
[04.08.2022 17:52:09 ] [INFO] [user_interface] [ls_menu: 129] => The user has selected item number 7.3
[04.08.2022 17:52:18 ] [INFO] [user_interface] [ls_menu: 131] => User entered: {search}
[04.08.2022 17:52:21 ] [INFO] [user_interface] [ls_menu: 134] => User entered: {user_id}
[04.08.2022 17:52:37 ] [INFO] [user_interface] [ls_menu: 104] => The user has selected item number 7
[04.08.2022 17:52:37 ] [INFO] [user_interface] [ls_menu: 129] => The user has selected item number 7.3
[04.08.2022 17:52:39 ] [INFO] [user_interface] [ls_menu: 131] => User entered: {search}
[04.08.2022 17:52:42 ] [INFO] [user_interface] [ls_menu: 134] => User entered: {user_id}
[04.08.2022 17:52:50 ] [INFO] [user_interface] [ls_menu: 104] => The user has selected item number 7
[04.08.2022 17:52:51 ] [INFO] [user_interface] [ls_menu: 129] => The user has selected item number 7.3
[04.08.2022 17:52:53 ] [INFO] [user_interface] [ls_menu: 131] => User entered: {search}
[04.08.2022 17:52:55 ] [INFO] [user_interface] [ls_menu: 134] => User entered: {user_id}
[04.08.2022 17:53:03 ] [INFO] [user_interface] [ls_menu: 104] => The user has selected item number 7
[04.08.2022 17:53:04 ] [INFO] [user_interface] [ls_menu: 129] => The user has selected item number 7.3
[04.08.2022 17:53:06 ] [INFO] [user_interface] [ls_menu: 131] => User entered: {search}
[04.08.2022 17:53:08 ] [INFO] [user_interface] [ls_menu: 134] => User entered: {user_id}
[04.08.2022 17:53:15 ] [INFO] [user_interface] [ls_menu: 104] => The user has selected item number 7
[04.08.2022 17:53:16 ] [INFO] [user_interface] [ls_menu: 129] => The user has selected item number 7.3
[04.08.2022 17:53:18 ] [INFO] [user_interface] [ls_menu: 131] => User entered: {search}
[04.08.2022 17:53:20 ] [INFO] [user_interface] [ls_menu: 134] => User entered: {user_id}
[04.08.2022 17:53:31 ] [INFO] [user_interface] [ls_menu: 104] => The user has selected item number 7
[04.08.2022 17:53:32 ] [INFO] [user_interface] [ls_menu: 129] => The user has selected item number 7.3
[04.08.2022 17:53:33 ] [INFO] [user_interface] [ls_menu: 131] => User entered: {search}
[04.08.2022 17:53:43 ] [INFO] [user_interface] [ls_menu: 134] => User entered: {user_id}
[04.08.2022 17:53:53 ] [INFO] [user_interface] [ls_menu: 104] => The user has selected item number 7
[04.08.2022 17:53:54 ] [INFO] [user_interface] [ls_menu: 129] => The user has selected item number 7.3
[04.08.2022 17:53:56 ] [INFO] [user_interface] [ls_menu: 131] => User entered: {search}
[04.08.2022 17:53:58 ] [INFO] [user_interface] [ls_menu: 134] => User entered: {user_id}
[04.08.2022 17:54:05 ] [INFO] [user_interface] [ls_menu: 104] => The user has selected item number 7
[04.08.2022 17:54:06 ] [INFO] [user_interface] [ls_menu: 129] => The user has selected item number 7.3
[04.08.2022 17:54:08 ] [INFO] [user_interface] [ls_menu: 131] => User entered: {search}
[04.08.2022 17:54:10 ] [INFO] [user_interface] [ls_menu: 134] => User entered: {user_id}
[04.08.2022 17:54:19 ] [INFO] [user_interface] [ls_menu: 104] => The user has selected item number 7
[04.08.2022 17:54:20 ] [INFO] [user_interface] [ls_menu: 129] => The user has selected item number 7.3
[04.08.2022 17:54:22 ] [INFO] [user_interface] [ls_menu: 131] => User entered: {search}
[04.08.2022 17:54:24 ] [INFO] [user_interface] [ls_menu: 134] => User entered: {user_id}
[04.08.2022 17:54:32 ] [INFO] [user_interface] [ls_menu: 104] => The user has selected item number 7
[04.08.2022 17:54:33 ] [INFO] [user_interface] [ls_menu: 129] => The user has selected item number 7.3
[04.08.2022 17:54:35 ] [INFO] [user_interface] [ls_menu: 131] => User entered: {search}
[04.08.2022 17:54:37 ] [INFO] [user_interface] [ls_menu: 134] => User entered: {user_id}
[04.08.2022 17:54:47 ] [INFO] [user_interface] [ls_menu: 104] => The user has selected item number 7
[04.08.2022 17:54:48 ] [INFO] [user_interface] [ls_menu: 129] => The user has selected item number 7.3
[04.08.2022 17:54:49 ] [INFO] [user_interface] [ls_menu: 131] => User entered: {search}
[04.08.2022 17:54:51 ] [INFO] [user_interface] [ls_menu: 134] => User entered: {user_id}
[04.08.2022 17:54:58 ] [INFO] [user_interface] [ls_menu: 104] => The user has selected item number 7
[04.08.2022 17:54:59 ] [INFO] [user_interface] [ls_menu: 129] => The user has selected item number 7.3
[04.08.2022 17:55:00 ] [INFO] [user_interface] [ls_menu: 131] => User entered: {search}
[04.08.2022 17:55:03 ] [INFO] [user_interface] [ls_menu: 134] => User entered: {user_id}
[04.08.2022 17:55:10 ] [INFO] [user_interface] [ls_menu: 104] => The user has selected item number 7
[04.08.2022 17:55:11 ] [INFO] [user_interface] [ls_menu: 129] => The user has selected item number 7.3
[04.08.2022 17:55:13 ] [INFO] [user_interface] [ls_menu: 131] => User entered: {search}
[04.08.2022 17:55:15 ] [INFO] [user_interface] [ls_menu: 134] => User entered: {user_id}
[04.08.2022 17:55:23 ] [INFO] [user_interface] [ls_menu: 104] => The user has selected item number 7
[04.08.2022 17:55:23 ] [INFO] [user_interface] [ls_menu: 129] => The user has selected item number 7.3
[04.08.2022 17:55:25 ] [INFO] [user_interface] [ls_menu: 131] => User entered: {search}
[04.08.2022 17:55:27 ] [INFO] [user_interface] [ls_menu: 134] => User entered: {user_id}
[04.08.2022 17:55:36 ] [INFO] [user_interface] [ls_menu: 104] => The user has selected item number 7
[04.08.2022 17:55:37 ] [INFO] [user_interface] [ls_menu: 129] => The user has selected item number 7.3
[04.08.2022 17:55:39 ] [INFO] [user_interface] [ls_menu: 131] => User entered: {search}
[04.08.2022 17:55:41 ] [INFO] [user_interface] [ls_menu: 134] => User entered: {user_id}
[04.08.2022 17:55:52 ] [INFO] [user_interface] [ls_menu: 104] => The user has selected item number 7
[04.08.2022 17:55:54 ] [INFO] [user_interface] [ls_menu: 129] => The user has selected item number 7.3
[04.08.2022 17:55:56 ] [INFO] [user_interface] [ls_menu: 131] => User entered: {search}
[04.08.2022 17:55:56 ] [INFO] [user_interface] [ls_menu: 134] => User entered: {user_id}
[04.08.2022 17:56:03 ] [INFO] [user_interface] [ls_menu: 104] => The user has selected item number 7
[04.08.2022 17:56:04 ] [INFO] [user_interface] [ls_menu: 129] => The user has selected item number 7.3
[04.08.2022 17:56:05 ] [INFO] [user_interface] [ls_menu: 131] => User entered: {search}
[04.08.2022 17:56:07 ] [INFO] [user_interface] [ls_menu: 134] => User entered: {user_id}
[04.08.2022 17:56:16 ] [INFO] [user_interface] [ls_menu: 104] => The user has selected item number 7
[04.08.2022 17:56:17 ] [INFO] [user_interface] [ls_menu: 129] => The user has selected item number 7.3
[04.08.2022 17:56:20 ] [INFO] [user_interface] [ls_menu: 131] => User entered: {search}
[04.08.2022 17:56:21 ] [INFO] [user_interface] [ls_menu: 134] => User entered: {user_id}
[04.08.2022 17:56:30 ] [INFO] [user_interface] [ls_menu: 104] => The user has selected item number 7
[04.08.2022 17:56:31 ] [INFO] [user_interface] [ls_menu: 129] => The user has selected item number 7.3
[04.08.2022 17:56:33 ] [INFO] [user_interface] [ls_menu: 131] => User entered: {search}
[04.08.2022 17:56:34 ] [INFO] [user_interface] [ls_menu: 134] => User entered: {user_id}
[04.08.2022 17:56:41 ] [INFO] [user_interface] [ls_menu: 104] => The user has selected item number 7
[04.08.2022 17:56:42 ] [INFO] [user_interface] [ls_menu: 129] => The user has selected item number 7.3
[04.08.2022 17:56:45 ] [INFO] [user_interface] [ls_menu: 131] => User entered: {search}
[04.08.2022 17:56:47 ] [INFO] [user_interface] [ls_menu: 134] => User entered: {user_id}
[04.08.2022 17:56:56 ] [INFO] [user_interface] [ls_menu: 104] => The user has selected item number 7
[04.08.2022 17:56:57 ] [INFO] [user_interface] [ls_menu: 129] => The user has selected item number 7.3
[04.08.2022 17:56:59 ] [INFO] [user_interface] [ls_menu: 131] => User entered: {search}
[04.08.2022 17:57:01 ] [INFO] [user_interface] [ls_menu: 134] => User entered: {user_id}
[04.08.2022 17:58:12 ] [INFO] [user_interface] [ls_menu: 104] => The user has selected item number 7
[04.08.2022 17:58:14 ] [INFO] [user_interface] [ls_menu: 129] => The user has selected item number 7.3
[04.08.2022 17:58:22 ] [INFO] [user_interface] [ls_menu: 131] => User entered: {search}
[04.08.2022 17:58:25 ] [INFO] [user_interface] [ls_menu: 134] => User entered: {user_id}
[04.08.2022 17:58:35 ] [INFO] [user_interface] [ls_menu: 104] => The user has selected item number 7
[04.08.2022 17:58:36 ] [INFO] [user_interface] [ls_menu: 129] => The user has selected item number 7.3
[04.08.2022 17:58:38 ] [INFO] [user_interface] [ls_menu: 131] => User entered: {search}
[04.08.2022 17:58:40 ] [INFO] [user_interface] [ls_menu: 134] => User entered: {user_id}
[04.08.2022 17:58:48 ] [INFO] [user_interface] [ls_menu: 104] => The user has selected item number 7
[04.08.2022 17:58:49 ] [INFO] [user_interface] [ls_menu: 129] => The user has selected item number 7.3
[04.08.2022 17:58:59 ] [INFO] [user_interface] [ls_menu: 131] => User entered: {search}
[04.08.2022 17:59:01 ] [INFO] [user_interface] [ls_menu: 134] => User entered: {user_id}
[04.08.2022 17:59:09 ] [INFO] [user_interface] [ls_menu: 104] => The user has selected item number 7
[04.08.2022 17:59:10 ] [INFO] [user_interface] [ls_menu: 129] => The user has selected item number 7.3
[04.08.2022 17:59:12 ] [INFO] [user_interface] [ls_menu: 131] => User entered: {search}
[04.08.2022 17:59:14 ] [INFO] [user_interface] [ls_menu: 134] => User entered: {user_id}
[04.08.2022 17:59:24 ] [INFO] [user_interface] [ls_menu: 104] => The user has selected item number 7
[04.08.2022 17:59:24 ] [INFO] [user_interface] [ls_menu: 129] => The user has selected item number 7.3
[04.08.2022 17:59:26 ] [INFO] [user_interface] [ls_menu: 131] => User entered: {search}
[04.08.2022 17:59:28 ] [INFO] [user_interface] [ls_menu: 134] => User entered: {user_id}
[04.08.2022 17:59:35 ] [INFO] [user_interface] [ls_menu: 104] => The user has selected item number 7
[04.08.2022 17:59:36 ] [INFO] [user_interface] [ls_menu: 129] => The user has selected item number 7.3
[04.08.2022 17:59:38 ] [INFO] [user_interface] [ls_menu: 131] => User entered: {search}
[04.08.2022 17:59:40 ] [INFO] [user_interface] [ls_menu: 134] => User entered: {user_id}
[04.08.2022 17:59:47 ] [INFO] [user_interface] [ls_menu: 104] => The user has selected item number 7
[04.08.2022 17:59:48 ] [INFO] [user_interface] [ls_menu: 129] => The user has selected item number 7.3
[04.08.2022 17:59:51 ] [INFO] [user_interface] [ls_menu: 131] => User entered: {search}
[04.08.2022 17:59:53 ] [INFO] [user_interface] [ls_menu: 134] => User entered: {user_id}
[04.08.2022 18:00:01 ] [INFO] [user_interface] [ls_menu: 104] => The user has selected item number 7
[04.08.2022 18:00:02 ] [INFO] [user_interface] [ls_menu: 129] => The user has selected item number 7.3
[04.08.2022 18:00:04 ] [INFO] [user_interface] [ls_menu: 131] => User entered: {search}
[04.08.2022 18:00:05 ] [INFO] [user_interface] [ls_menu: 134] => User entered: {user_id}
[04.08.2022 18:00:12 ] [INFO] [user_interface] [ls_menu: 104] => The user has selected item number 7
[04.08.2022 18:00:13 ] [INFO] [user_interface] [ls_menu: 129] => The user has selected item number 7.3
[04.08.2022 18:00:15 ] [INFO] [user_interface] [ls_menu: 131] => User entered: {search}
[04.08.2022 18:00:17 ] [INFO] [user_interface] [ls_menu: 134] => User entered: {user_id}
[04.08.2022 18:00:24 ] [INFO] [user_interface] [ls_menu: 104] => The user has selected item number 7
[04.08.2022 18:00:25 ] [INFO] [user_interface] [ls_menu: 129] => The user has selected item number 7.3
[04.08.2022 18:00:26 ] [INFO] [user_interface] [ls_menu: 131] => User entered: {search}
[04.08.2022 18:00:28 ] [INFO] [user_interface] [ls_menu: 134] => User entered: {user_id}
[04.08.2022 18:00:35 ] [INFO] [user_interface] [ls_menu: 104] => The user has selected item number 7
[04.08.2022 18:00:36 ] [INFO] [user_interface] [ls_menu: 129] => The user has selected item number 7.3
[04.08.2022 18:00:38 ] [INFO] [user_interface] [ls_menu: 131] => User entered: {search}
[04.08.2022 18:00:40 ] [INFO] [user_interface] [ls_menu: 134] => User entered: {user_id}
[04.08.2022 18:00:46 ] [INFO] [user_interface] [ls_menu: 104] => The user has selected item number 7
[04.08.2022 18:00:47 ] [INFO] [user_interface] [ls_menu: 129] => The user has selected item number 7.3
[04.08.2022 18:00:48 ] [INFO] [user_interface] [ls_menu: 131] => User entered: {search}
[04.08.2022 18:00:50 ] [INFO] [user_interface] [ls_menu: 134] => User entered: {user_id}
[04.08.2022 18:00:59 ] [INFO] [user_interface] [ls_menu: 104] => The user has selected item number 7
[04.08.2022 18:00:59 ] [INFO] [user_interface] [ls_menu: 129] => The user has selected item number 7.3
[04.08.2022 18:01:01 ] [INFO] [user_interface] [ls_menu: 131] => User entered: {search}
[04.08.2022 18:01:03 ] [INFO] [user_interface] [ls_menu: 134] => User entered: {user_id}
[04.08.2022 18:01:10 ] [INFO] [user_interface] [ls_menu: 104] => The user has selected item number 7
[04.08.2022 18:01:11 ] [INFO] [user_interface] [ls_menu: 129] => The user has selected item number 7.3
[04.08.2022 18:01:12 ] [INFO] [user_interface] [ls_menu: 131] => User entered: {search}
[04.08.2022 18:01:14 ] [INFO] [user_interface] [ls_menu: 134] => User entered: {user_id}
[04.08.2022 18:01:22 ] [INFO] [user_interface] [ls_menu: 104] => The user has selected item number 7
[04.08.2022 18:01:23 ] [INFO] [user_interface] [ls_menu: 129] => The user has selected item number 7.3
[04.08.2022 18:01:24 ] [INFO] [user_interface] [ls_menu: 131] => User entered: {search}
[04.08.2022 18:01:27 ] [INFO] [user_interface] [ls_menu: 134] => User entered: {user_id}
[04.08.2022 18:01:33 ] [INFO] [user_interface] [ls_menu: 104] => The user has selected item number 7
[04.08.2022 18:01:35 ] [INFO] [user_interface] [ls_menu: 129] => The user has selected item number 7.3
[04.08.2022 18:01:36 ] [INFO] [user_interface] [ls_menu: 131] => User entered: {search}
[04.08.2022 18:01:38 ] [INFO] [user_interface] [ls_menu: 134] => User entered: {user_id}
[04.08.2022 18:01:45 ] [INFO] [user_interface] [ls_menu: 104] => The user has selected item number 7
[04.08.2022 18:01:45 ] [INFO] [user_interface] [ls_menu: 129] => The user has selected item number 7.3
[04.08.2022 18:01:47 ] [INFO] [user_interface] [ls_menu: 131] => User entered: {search}
[04.08.2022 18:01:48 ] [INFO] [user_interface] [ls_menu: 134] => User entered: {user_id}
[04.08.2022 18:01:56 ] [INFO] [user_interface] [ls_menu: 104] => The user has selected item number 7
[04.08.2022 18:01:56 ] [INFO] [user_interface] [ls_menu: 129] => The user has selected item number 7.3
[04.08.2022 18:01:57 ] [INFO] [user_interface] [ls_menu: 131] => User entered: {search}
[04.08.2022 18:01:59 ] [INFO] [user_interface] [ls_menu: 134] => User entered: {user_id}
[04.08.2022 18:02:06 ] [INFO] [user_interface] [ls_menu: 104] => The user has selected item number 7
[04.08.2022 18:02:06 ] [INFO] [user_interface] [ls_menu: 129] => The user has selected item number 7.3
[04.08.2022 18:02:07 ] [INFO] [user_interface] [ls_menu: 131] => User entered: {search}
[04.08.2022 18:02:10 ] [INFO] [user_interface] [ls_menu: 134] => User entered: {user_id}
[04.08.2022 18:02:17 ] [INFO] [user_interface] [ls_menu: 104] => The user has selected item number 7
[04.08.2022 18:02:18 ] [INFO] [user_interface] [ls_menu: 129] => The user has selected item number 7.3
[04.08.2022 18:02:19 ] [INFO] [user_interface] [ls_menu: 131] => User entered: {search}
[04.08.2022 18:02:21 ] [INFO] [user_interface] [ls_menu: 134] => User entered: {user_id}
[04.08.2022 18:02:30 ] [INFO] [user_interface] [ls_menu: 104] => The user has selected item number 7
[04.08.2022 18:02:30 ] [INFO] [user_interface] [ls_menu: 129] => The user has selected item number 7.3
[04.08.2022 18:02:32 ] [INFO] [user_interface] [ls_menu: 131] => User entered: {search}
[04.08.2022 18:02:32 ] [INFO] [user_interface] [ls_menu: 134] => User entered: {user_id}
[04.08.2022 18:02:37 ] [INFO] [user_interface] [ls_menu: 104] => The user has selected item number 7
[04.08.2022 18:02:38 ] [INFO] [user_interface] [ls_menu: 129] => The user has selected item number 7.3
[04.08.2022 18:02:39 ] [INFO] [user_interface] [ls_menu: 131] => User entered: {search}
[04.08.2022 18:02:43 ] [INFO] [user_interface] [ls_menu: 134] => User entered: {user_id}
[04.08.2022 18:12:25 ] [INFO] [user_interface] [ñhecking_the_number: 156] => User entered an invalid menu value: {arg}
[04.08.2022 18:12:38 ] [INFO] [user_interface] [ls_menu: 144] => End
[04.08.2022 18:12:47 ] [INFO] [main] [<module>: 8] => Start
[04.08.2022 18:13:01 ] [INFO] [user_interface] [ls_menu: 21] => Item number 1
[04.08.2022 18:13:17 ] [INFO] [user_interface] [ls_menu: 144] => End
[04.08.2022 18:14:19 ] [INFO] [main] [<module>: 8] => Start
[04.08.2022 18:14:28 ] [INFO] [user_interface] [ls_menu: 47] => Item number 5
[04.08.2022 18:15:25 ] [INFO] [user_interface] [ls_menu: 49] => User entered: {name}
[04.08.2022 18:15:30 ] [INFO] [user_interface] [ls_menu: 51] => User entered: {surname}
[04.08.2022 18:18:09 ] [INFO] [user_interface] [ls_menu: 53] => User entered: {number}
[04.08.2022 18:18:40 ] [INFO] [user_interface] [ls_menu: 55] => User entered: {email}
[04.08.2022 18:18:43 ] [INFO] [user_interface] [ls_menu: 21] => Item number 1
[04.08.2022 18:19:13 ] [INFO] [user_interface] [ls_menu: 47] => Item number 5
[04.08.2022 18:19:19 ] [INFO] [user_interface] [ls_menu: 49] => User entered: {name}
[04.08.2022 18:19:31 ] [INFO] [user_interface] [ls_menu: 51] => User entered: {surname}
[04.08.2022 18:19:52 ] [INFO] [user_interface] [ls_menu: 53] => User entered: {number}
[04.08.2022 18:20:39 ] [INFO] [user_interface] [ls_menu: 55] => User entered: {email}
[04.08.2022 18:21:27 ] [INFO] [user_interface] [ls_menu: 144] => End
[04.08.2022 18:21:35 ] [INFO] [main] [<module>: 8] => Start
[04.08.2022 18:21:57 ] [INFO] [user_interface] [ls_menu: 27] => Item number 2
[04.08.2022 18:22:17 ] [INFO] [user_interface] [ls_menu: 29] => User entered: {search}
[04.08.2022 18:22:55 ] [INFO] [user_interface] [ls_menu: 105] => Item number 7
[04.08.2022 18:23:02 ] [INFO] [user_interface] [ls_menu: 130] => Item number 7.3
[04.08.2022 18:23:16 ] [INFO] [user_interface] [ls_menu: 132] => User entered: {search}
[04.08.2022 18:23:18 ] [INFO] [user_interface] [ls_menu: 135] => User entered: {user_id}
[04.08.2022 18:23:29 ] [INFO] [user_interface] [ls_menu: 48] => Item number 5
[04.08.2022 18:23:38 ] [INFO] [user_interface] [ls_menu: 50] => User entered: {name}
[04.08.2022 18:23:48 ] [INFO] [user_interface] [ls_menu: 52] => User entered: {surname}
[04.08.2022 18:24:05 ] [INFO] [user_interface] [ls_menu: 54] => User entered: {number}
[04.08.2022 18:24:19 ] [INFO] [user_interface] [ls_menu: 56] => User entered: {email}
[04.08.2022 18:24:34 ] [INFO] [user_interface] [ls_menu: 145] => End
[04.08.2022 18:24:47 ] [INFO] [main] [<module>: 8] => Start
[04.08.2022 18:24:54 ] [INFO] [user_interface] [ls_menu: 145] => End
[04.08.2022 18:25:08 ] [INFO] [main] [<module>: 8] => Start
[04.08.2022 18:25:15 ] [INFO] [user_interface] [ls_menu: 145] => End
