[15.08.2022 15:27:33 ] [INFO] [main] [<module>: 8] => Start
[15.08.2022 15:29:27 ] [INFO] [main] [<module>: 8] => Start
[15.08.2022 15:29:42 ] [INFO] [user_interface] [ls_menu: 145] => End
[16.08.2022 14:27:52 ] [INFO] [main] [<module>: 8] => Start
[16.08.2022 14:28:00 ] [INFO] [user_interface] [ls_menu: 48] => Item number 5
[16.08.2022 14:28:05 ] [INFO] [user_interface] [ls_menu: 50] => User entered: {course}
[16.08.2022 14:28:19 ] [INFO] [user_interface] [ls_menu: 52] => User entered: {group}
[16.08.2022 14:28:23 ] [INFO] [user_interface] [ls_menu: 54] => User entered: {name}
[16.08.2022 14:28:32 ] [INFO] [user_interface] [ls_menu: 56] => User entered: {surname}
[16.08.2022 14:28:45 ] [INFO] [user_interface] [ls_menu: 58] => User entered: {date_of_birth}
[16.08.2022 14:29:03 ] [INFO] [user_interface] [ls_menu: 60] => User entered: {number}
[16.08.2022 14:29:13 ] [INFO] [user_interface] [ls_menu: 62] => User entered: {email}
[16.08.2022 14:29:17 ] [INFO] [user_interface] [ls_menu: 22] => Item number 1
[16.08.2022 14:31:17 ] [INFO] [user_interface] [ls_menu: 66] => Item number 6
[16.08.2022 14:31:26 ] [INFO] [user_interface] [ls_menu: 73] => Item number 6.1
[16.08.2022 14:31:31 ] [INFO] [user_interface] [ls_menu: 75] => User entered: {search}
[16.08.2022 14:31:34 ] [INFO] [user_interface] [ls_menu: 78] => User entered: {user_id}
[16.08.2022 14:31:36 ] [INFO] [user_interface] [ls_menu: 80] => User entered: {new_number}
[16.08.2022 14:32:16 ] [INFO] [user_interface] [ls_menu: 151] => End
[16.08.2022 14:32:45 ] [INFO] [main] [<module>: 8] => Start
[16.08.2022 14:32:53 ] [INFO] [user_interface] [ls_menu: 27] => Item number 2
[16.08.2022 14:32:57 ] [INFO] [user_interface] [ls_menu: 29] => User entered: {search}
[16.08.2022 14:33:09 ] [INFO] [user_interface] [ls_menu: 41] => Item number 4
[16.08.2022 14:33:11 ] [INFO] [user_interface] [ls_menu: 43] => User entered: {search}
[16.08.2022 14:33:15 ] [INFO] [user_interface] [ls_menu: 34] => Item number 3
[16.08.2022 14:33:20 ] [INFO] [user_interface] [ls_menu: 36] => User entered: {search}
[16.08.2022 14:47:59 ] [INFO] [user_interface] [ñhecking_the_number: 163] => Invalid menu value: {arg}
[16.08.2022 14:48:13 ] [INFO] [user_interface] [ls_menu: 48] => Item number 5
[16.08.2022 14:48:15 ] [INFO] [user_interface] [ls_menu: 50] => User entered: {course}
[16.08.2022 14:48:24 ] [INFO] [user_interface] [ls_menu: 52] => User entered: {group}
[16.08.2022 14:48:27 ] [INFO] [user_interface] [ls_menu: 54] => User entered: {name}
[16.08.2022 14:48:31 ] [INFO] [user_interface] [ls_menu: 56] => User entered: {surname}
[16.08.2022 14:48:39 ] [INFO] [user_interface] [ls_menu: 58] => User entered: {date_of_birth}
[16.08.2022 14:48:53 ] [INFO] [user_interface] [ls_menu: 60] => User entered: {number}
[16.08.2022 14:49:08 ] [INFO] [user_interface] [ls_menu: 62] => User entered: {email}
[16.08.2022 14:49:15 ] [INFO] [user_interface] [ls_menu: 22] => Item number 1
[16.08.2022 14:49:51 ] [INFO] [user_interface] [ls_menu: 151] => End
[16.08.2022 14:49:54 ] [INFO] [main] [<module>: 8] => Start
[16.08.2022 14:50:14 ] [INFO] [main] [<module>: 8] => Start
[16.08.2022 14:50:26 ] [INFO] [user_interface] [ls_menu: 66] => Item number 6
[16.08.2022 14:50:30 ] [INFO] [user_interface] [ls_menu: 73] => Item number 6.1
[16.08.2022 14:50:36 ] [INFO] [user_interface] [ls_menu: 75] => User entered: {search}
[16.08.2022 14:50:37 ] [INFO] [user_interface] [ls_menu: 78] => User entered: {user_id}
[16.08.2022 14:50:45 ] [INFO] [user_interface] [ls_menu: 81] => User entered: {new_course}
[16.08.2022 14:50:49 ] [INFO] [user_interface] [ls_menu: 84] => User entered: {new_group}
[16.08.2022 14:50:52 ] [INFO] [user_interface] [ls_menu: 87] => User entered: {new_date_of_birth}
[16.08.2022 14:51:04 ] [INFO] [user_interface] [ls_menu: 90] => User entered: {new_number}
[16.08.2022 15:18:29 ] [INFO] [main] [<module>: 8] => Start
[16.08.2022 15:18:35 ] [INFO] [user_interface] [ls_menu: 22] => Item number 1
[16.08.2022 15:24:36 ] [INFO] [user_interface] [ls_menu: 48] => Item number 5
[16.08.2022 15:24:39 ] [INFO] [user_interface] [ls_menu: 50] => User entered: {course}
[16.08.2022 15:24:41 ] [INFO] [user_interface] [ls_menu: 52] => User entered: {group}
[16.08.2022 15:24:46 ] [INFO] [user_interface] [ls_menu: 54] => User entered: {name}
[16.08.2022 15:24:50 ] [INFO] [user_interface] [ls_menu: 56] => User entered: {surname}
[16.08.2022 15:24:55 ] [INFO] [user_interface] [ls_menu: 58] => User entered: {date_of_birth}
[16.08.2022 15:25:06 ] [INFO] [user_interface] [ls_menu: 60] => User entered: {number}
[16.08.2022 15:25:20 ] [INFO] [user_interface] [ls_menu: 62] => User entered: {email}
[16.08.2022 15:26:10 ] [INFO] [user_interface] [ls_menu: 22] => Item number 1
[16.08.2022 15:26:15 ] [INFO] [user_interface] [ls_menu: 162] => End
[16.08.2022 15:38:37 ] [INFO] [main] [<module>: 8] => Start
[16.08.2022 15:38:58 ] [INFO] [user_interface] [ls_menu: 48] => Item number 5
[16.08.2022 15:39:01 ] [INFO] [user_interface] [ls_menu: 50] => User entered: {course}
[16.08.2022 15:39:07 ] [INFO] [user_interface] [ls_menu: 52] => User entered: {group}
[16.08.2022 15:39:13 ] [INFO] [user_interface] [ls_menu: 54] => User entered: {name}
[16.08.2022 15:39:21 ] [INFO] [user_interface] [ls_menu: 56] => User entered: {surname}
[16.08.2022 15:39:34 ] [INFO] [user_interface] [ls_menu: 58] => User entered: {date_of_birth}
[16.08.2022 15:39:44 ] [INFO] [user_interface] [ls_menu: 60] => User entered: {number}
[16.08.2022 15:39:58 ] [INFO] [user_interface] [ls_menu: 62] => User entered: {email}
[16.08.2022 15:40:00 ] [INFO] [user_interface] [ls_menu: 22] => Item number 1
[16.08.2022 15:41:50 ] [INFO] [user_interface] [ls_menu: 34] => Item number 3
[16.08.2022 15:41:51 ] [INFO] [user_interface] [ls_menu: 36] => User entered: {search}
[16.08.2022 15:42:47 ] [INFO] [user_interface] [ls_menu: 162] => End
[16.08.2022 15:42:52 ] [INFO] [main] [<module>: 8] => Start
[16.08.2022 15:43:01 ] [INFO] [user_interface] [ls_menu: 48] => Item number 5
[16.08.2022 15:43:04 ] [INFO] [user_interface] [ls_menu: 50] => User entered: {course}
[16.08.2022 15:43:10 ] [INFO] [user_interface] [ls_menu: 52] => User entered: {group}
[16.08.2022 15:43:16 ] [INFO] [user_interface] [ls_menu: 54] => User entered: {name}
[16.08.2022 15:43:19 ] [INFO] [user_interface] [ls_menu: 56] => User entered: {surname}
[16.08.2022 15:43:30 ] [INFO] [user_interface] [ls_menu: 58] => User entered: {date_of_birth}
[16.08.2022 15:43:42 ] [INFO] [user_interface] [ls_menu: 60] => User entered: {number}
[16.08.2022 15:43:56 ] [INFO] [user_interface] [ls_menu: 62] => User entered: {email}
[16.08.2022 15:56:38 ] [INFO] [user_interface] [ñhecking_the_number: 174] => Invalid menu value: {arg}
[16.08.2022 15:56:48 ] [INFO] [user_interface] [ls_menu: 48] => Item number 5
[16.08.2022 15:56:52 ] [INFO] [user_interface] [ls_menu: 50] => User entered: {course}
[16.08.2022 15:57:06 ] [INFO] [user_interface] [ls_menu: 52] => User entered: {group}
[16.08.2022 15:57:10 ] [INFO] [user_interface] [ls_menu: 54] => User entered: {name}
[16.08.2022 15:57:14 ] [INFO] [user_interface] [ls_menu: 56] => User entered: {surname}
[16.08.2022 15:57:22 ] [INFO] [user_interface] [ls_menu: 58] => User entered: {date_of_birth}
[16.08.2022 15:57:33 ] [INFO] [user_interface] [ls_menu: 60] => User entered: {number}
[16.08.2022 15:57:42 ] [INFO] [user_interface] [ls_menu: 62] => User entered: {email}
[16.08.2022 16:17:00 ] [INFO] [user_interface] [ñhecking_the_number: 174] => Invalid menu value: {arg}
[16.08.2022 16:17:07 ] [INFO] [user_interface] [ls_menu: 48] => Item number 5
[16.08.2022 16:17:09 ] [INFO] [user_interface] [ls_menu: 50] => User entered: {course}
[16.08.2022 16:17:19 ] [INFO] [user_interface] [ls_menu: 52] => User entered: {group}
[16.08.2022 16:17:24 ] [INFO] [user_interface] [ls_menu: 54] => User entered: {name}
[16.08.2022 16:17:27 ] [INFO] [user_interface] [ls_menu: 56] => User entered: {surname}
[16.08.2022 16:17:33 ] [INFO] [user_interface] [ls_menu: 58] => User entered: {date_of_birth}
[16.08.2022 16:17:48 ] [INFO] [user_interface] [ls_menu: 60] => User entered: {number}
[16.08.2022 16:18:02 ] [INFO] [user_interface] [ls_menu: 62] => User entered: {email}
[16.08.2022 16:23:09 ] [INFO] [user_interface] [ñhecking_the_number: 174] => Invalid menu value: {arg}
[16.08.2022 16:23:14 ] [INFO] [user_interface] [ls_menu: 162] => End
[16.08.2022 16:24:36 ] [INFO] [main] [<module>: 8] => Start
[16.08.2022 16:26:03 ] [INFO] [main] [<module>: 8] => Start
[16.08.2022 16:26:08 ] [INFO] [main] [<module>: 8] => Start
[16.08.2022 16:26:09 ] [INFO] [main] [<module>: 8] => Start
[16.08.2022 16:27:56 ] [INFO] [main] [<module>: 8] => Start
[16.08.2022 16:29:09 ] [INFO] [user_interface] [ls_menu: 22] => Item number 1
[16.08.2022 16:29:50 ] [INFO] [user_interface] [ls_menu: 123] => Item number 7
[16.08.2022 16:30:02 ] [INFO] [user_interface] [ls_menu: 148] => Item number 7.3
[16.08.2022 16:30:11 ] [INFO] [user_interface] [ls_menu: 150] => User entered: {search}
[16.08.2022 16:30:14 ] [INFO] [user_interface] [ls_menu: 153] => User entered: {user_id}
[16.08.2022 16:30:28 ] [INFO] [user_interface] [ls_menu: 123] => Item number 7
[16.08.2022 16:30:30 ] [INFO] [user_interface] [ls_menu: 148] => Item number 7.3
[16.08.2022 16:30:39 ] [INFO] [user_interface] [ls_menu: 150] => User entered: {search}
[16.08.2022 16:30:46 ] [INFO] [user_interface] [ls_menu: 153] => User entered: {user_id}
[16.08.2022 16:31:03 ] [INFO] [user_interface] [ls_menu: 123] => Item number 7
[16.08.2022 16:31:08 ] [INFO] [user_interface] [ls_menu: 139] => Item number 7.2
[16.08.2022 16:31:18 ] [INFO] [user_interface] [ls_menu: 141] => User entered: {search}
[16.08.2022 16:31:21 ] [INFO] [user_interface] [ls_menu: 144] => User entered: {user_id}
[16.08.2022 16:31:31 ] [INFO] [user_interface] [ls_menu: 123] => Item number 7
[16.08.2022 16:31:46 ] [INFO] [user_interface] [ls_menu: 130] => Item number 7.1
[16.08.2022 16:31:49 ] [INFO] [user_interface] [ls_menu: 132] => User entered: {search}
[16.08.2022 16:31:50 ] [INFO] [user_interface] [ls_menu: 135] => User entered: {user_id}
[16.08.2022 16:31:53 ] [INFO] [user_interface] [ls_menu: 123] => Item number 7
[16.08.2022 16:31:55 ] [INFO] [user_interface] [ls_menu: 148] => Item number 7.3
[16.08.2022 16:31:58 ] [INFO] [user_interface] [ls_menu: 150] => User entered: {search}
[16.08.2022 16:31:59 ] [INFO] [user_interface] [ls_menu: 153] => User entered: {user_id}
[16.08.2022 17:05:07 ] [INFO] [main] [<module>: 8] => Start
[16.08.2022 17:12:03 ] [INFO] [user_interface] [ls_menu: 48] => Item number 5
[16.08.2022 17:12:12 ] [INFO] [user_interface] [ls_menu: 50] => User entered: {course}
[16.08.2022 17:12:26 ] [INFO] [user_interface] [ls_menu: 52] => User entered: {group}
[16.08.2022 17:12:37 ] [INFO] [user_interface] [ls_menu: 54] => User entered: {name}
[16.08.2022 17:12:50 ] [INFO] [user_interface] [ls_menu: 56] => User entered: {surname}
[16.08.2022 17:13:09 ] [INFO] [user_interface] [ls_menu: 58] => User entered: {date_of_birth}
[16.08.2022 17:13:25 ] [INFO] [user_interface] [ls_menu: 60] => User entered: {number}
[16.08.2022 17:13:41 ] [INFO] [user_interface] [ls_menu: 62] => User entered: {email}
[16.08.2022 17:16:33 ] [INFO] [user_interface] [ls_menu: 162] => End
[16.08.2022 17:19:20 ] [INFO] [user_interface] [ñhecking_the_number: 174] => Invalid menu value: {arg}
[16.08.2022 17:19:26 ] [INFO] [user_interface] [ls_menu: 162] => End
[16.08.2022 17:19:30 ] [INFO] [main] [<module>: 8] => Start
[16.08.2022 17:19:32 ] [INFO] [main] [<module>: 8] => Start
[16.08.2022 17:20:17 ] [INFO] [main] [<module>: 8] => Start
[16.08.2022 17:20:22 ] [INFO] [user_interface] [ls_menu: 48] => Item number 5
[16.08.2022 17:20:24 ] [INFO] [user_interface] [ls_menu: 50] => User entered: {course}
[16.08.2022 17:20:29 ] [INFO] [user_interface] [ls_menu: 52] => User entered: {group}
[16.08.2022 17:20:34 ] [INFO] [user_interface] [ls_menu: 54] => User entered: {name}
[16.08.2022 17:20:36 ] [INFO] [user_interface] [ls_menu: 56] => User entered: {surname}
[16.08.2022 17:20:45 ] [INFO] [user_interface] [ls_menu: 58] => User entered: {date_of_birth}
[16.08.2022 17:20:50 ] [INFO] [user_interface] [ls_menu: 60] => User entered: {number}
[16.08.2022 17:21:04 ] [INFO] [user_interface] [ls_menu: 62] => User entered: {email}
[16.08.2022 17:22:11 ] [INFO] [user_interface] [ls_menu: 22] => Item number 1
[17.08.2022 12:42:01 ] [INFO] [main] [<module>: 8] => Start
[17.08.2022 12:42:05 ] [INFO] [user_interface] [ls_menu: 22] => Item number 1
[17.08.2022 12:43:21 ] [INFO] [user_interface] [ls_menu: 162] => End
[17.08.2022 13:12:03 ] [INFO] [main] [<module>: 8] => Start
[17.08.2022 13:12:20 ] [INFO] [user_interface] [ls_menu: 162] => End
[17.08.2022 13:21:13 ] [INFO] [main] [<module>: 8] => Start
[17.08.2022 13:21:16 ] [INFO] [user_interface] [ls_menu: 22] => Item number 1
[17.08.2022 13:21:21 ] [INFO] [user_interface] [ls_menu: 162] => End
[17.08.2022 13:21:39 ] [INFO] [main] [<module>: 8] => Start
[17.08.2022 13:22:03 ] [INFO] [user_interface] [ls_menu: 22] => Item number 1
[17.08.2022 13:24:00 ] [INFO] [main] [<module>: 8] => Start
[17.08.2022 13:24:05 ] [INFO] [user_interface] [ls_menu: 22] => Item number 1
[17.08.2022 13:25:04 ] [INFO] [user_interface] [ls_menu: 123] => Item number 7
[17.08.2022 13:25:18 ] [INFO] [user_interface] [ls_menu: 148] => Item number 7.3
[17.08.2022 13:25:20 ] [INFO] [user_interface] [ls_menu: 150] => User entered: {search}
[17.08.2022 13:25:24 ] [INFO] [user_interface] [ls_menu: 153] => User entered: {user_id}
[17.08.2022 13:25:42 ] [INFO] [user_interface] [ls_menu: 123] => Item number 7
[17.08.2022 13:25:43 ] [INFO] [user_interface] [ls_menu: 148] => Item number 7.3
[17.08.2022 13:25:47 ] [INFO] [user_interface] [ls_menu: 150] => User entered: {search}
[17.08.2022 13:25:49 ] [INFO] [user_interface] [ls_menu: 153] => User entered: {user_id}
[17.08.2022 13:26:12 ] [INFO] [user_interface] [ls_menu: 123] => Item number 7
[17.08.2022 13:26:18 ] [INFO] [user_interface] [ls_menu: 148] => Item number 7.3
[17.08.2022 13:26:21 ] [INFO] [user_interface] [ls_menu: 150] => User entered: {search}
[17.08.2022 13:26:24 ] [INFO] [user_interface] [ls_menu: 153] => User entered: {user_id}
[17.08.2022 13:26:42 ] [INFO] [user_interface] [ls_menu: 123] => Item number 7
[17.08.2022 13:26:44 ] [INFO] [user_interface] [ls_menu: 148] => Item number 7.3
[17.08.2022 13:26:45 ] [INFO] [user_interface] [ls_menu: 150] => User entered: {search}
[17.08.2022 13:26:49 ] [INFO] [user_interface] [ls_menu: 153] => User entered: {user_id}
[17.08.2022 13:27:00 ] [INFO] [user_interface] [ls_menu: 123] => Item number 7
[17.08.2022 13:27:11 ] [INFO] [user_interface] [ls_menu: 148] => Item number 7.3
[17.08.2022 13:27:13 ] [INFO] [user_interface] [ls_menu: 150] => User entered: {search}
[17.08.2022 13:27:21 ] [INFO] [user_interface] [ls_menu: 153] => User entered: {user_id}
[17.08.2022 13:27:26 ] [INFO] [user_interface] [ls_menu: 123] => Item number 7
[17.08.2022 13:27:28 ] [INFO] [user_interface] [ls_menu: 148] => Item number 7.3
[17.08.2022 13:27:30 ] [INFO] [user_interface] [ls_menu: 150] => User entered: {search}
[17.08.2022 13:27:33 ] [INFO] [user_interface] [ls_menu: 153] => User entered: {user_id}
[17.08.2022 13:27:38 ] [INFO] [user_interface] [ls_menu: 123] => Item number 7
[17.08.2022 13:27:40 ] [INFO] [user_interface] [ls_menu: 148] => Item number 7.3
[17.08.2022 13:27:41 ] [INFO] [user_interface] [ls_menu: 150] => User entered: {search}
[17.08.2022 13:27:43 ] [INFO] [user_interface] [ls_menu: 153] => User entered: {user_id}
[17.08.2022 13:27:50 ] [INFO] [user_interface] [ls_menu: 123] => Item number 7
[17.08.2022 13:27:51 ] [INFO] [user_interface] [ls_menu: 148] => Item number 7.3
[17.08.2022 13:27:53 ] [INFO] [user_interface] [ls_menu: 150] => User entered: {search}
[17.08.2022 13:27:57 ] [INFO] [user_interface] [ls_menu: 153] => User entered: {user_id}
[17.08.2022 13:27:59 ] [INFO] [user_interface] [ls_menu: 123] => Item number 7
[17.08.2022 13:28:04 ] [INFO] [user_interface] [ls_menu: 148] => Item number 7.3
[17.08.2022 13:28:05 ] [INFO] [user_interface] [ls_menu: 150] => User entered: {search}
[17.08.2022 13:28:07 ] [INFO] [user_interface] [ls_menu: 153] => User entered: {user_id}
[17.08.2022 13:28:18 ] [INFO] [user_interface] [ls_menu: 123] => Item number 7
[17.08.2022 13:28:22 ] [INFO] [user_interface] [ls_menu: 148] => Item number 7.3
[17.08.2022 13:28:25 ] [INFO] [user_interface] [ls_menu: 150] => User entered: {search}
[17.08.2022 13:28:27 ] [INFO] [user_interface] [ls_menu: 153] => User entered: {user_id}
[17.08.2022 13:32:19 ] [INFO] [user_interface] [ls_menu: 162] => End
[17.08.2022 13:32:25 ] [INFO] [main] [<module>: 8] => Start
[17.08.2022 13:32:29 ] [INFO] [user_interface] [ls_menu: 48] => Item number 5
[17.08.2022 13:32:38 ] [INFO] [user_interface] [ls_menu: 50] => User entered: {course}
[17.08.2022 13:32:45 ] [INFO] [user_interface] [ls_menu: 52] => User entered: {group}
[17.08.2022 13:32:49 ] [INFO] [user_interface] [ls_menu: 54] => User entered: {name}
[17.08.2022 13:32:52 ] [INFO] [user_interface] [ls_menu: 56] => User entered: {surname}
[17.08.2022 13:33:00 ] [INFO] [user_interface] [ls_menu: 58] => User entered: {date_of_birth}
[17.08.2022 13:33:12 ] [INFO] [user_interface] [ls_menu: 60] => User entered: {number}
[17.08.2022 13:33:24 ] [INFO] [user_interface] [ls_menu: 62] => User entered: {email}
[17.08.2022 13:33:27 ] [INFO] [user_interface] [ls_menu: 22] => Item number 1
[17.08.2022 13:39:36 ] [INFO] [user_interface] [ls_menu: 162] => End
[17.08.2022 13:51:35 ] [INFO] [main] [<module>: 8] => Start
[17.08.2022 13:52:16 ] [INFO] [main] [<module>: 8] => Start
[17.08.2022 13:53:13 ] [INFO] [main] [<module>: 8] => Start
[17.08.2022 13:53:17 ] [INFO] [main] [<module>: 8] => Start
[17.08.2022 13:53:19 ] [INFO] [main] [<module>: 8] => Start
[17.08.2022 13:54:00 ] [INFO] [main] [<module>: 8] => Start
[17.08.2022 13:54:01 ] [INFO] [main] [<module>: 8] => Start
[17.08.2022 13:55:14 ] [INFO] [main] [<module>: 8] => Start
[17.08.2022 14:06:14 ] [INFO] [main] [<module>: 8] => Start
[17.08.2022 14:08:05 ] [INFO] [main] [<module>: 8] => Start
[17.08.2022 14:09:44 ] [INFO] [main] [<module>: 8] => Start
